[debug] [2023-01-20T19:56:55.050Z] ----------------------------------------------------------------------
[debug] [2023-01-20T19:56:55.052Z] Command:       C:\Program Files\nodejs\node.exe C:\Users\DaBi\AppData\Roaming\npm\node_modules\firebase-tools\lib\bin\firebase.js init
[debug] [2023-01-20T19:56:55.052Z] CLI Version:   11.21.0
[debug] [2023-01-20T19:56:55.053Z] Platform:      win32
[debug] [2023-01-20T19:56:55.053Z] Node Version:  v16.17.0
[debug] [2023-01-20T19:56:55.054Z] Time:          Fri Jan 20 2023 20:56:55 GMT+0100 (Central European Standard Time)
[debug] [2023-01-20T19:56:55.054Z] ----------------------------------------------------------------------
[debug] 
[debug] [2023-01-20T19:56:55.060Z] > command requires scopes: ["email","openid","https://www.googleapis.com/auth/cloudplatformprojects.readonly","https://www.googleapis.com/auth/firebase","https://www.googleapis.com/auth/cloud-platform"]
[debug] [2023-01-20T19:56:55.060Z] > authorizing via signed-in user (dario.biesemans@gmail.com)
[info] 
     ######## #### ########  ######## ########     ###     ######  ########
     ##        ##  ##     ## ##       ##     ##  ##   ##  ##       ##
     ######    ##  ########  ######   ########  #########  ######  ######
     ##        ##  ##    ##  ##       ##     ## ##     ##       ## ##
     ##       #### ##     ## ######## ########  ##     ##  ######  ########

You're about to initialize a Firebase project in this directory:

  C:\private\Quercus\source-firebase

Before we get started, keep in mind:

  * You are currently outside your home directory

[info] 
=== Project Setup
[info] 
[info] First, let's associate this project directory with a Firebase project.
[info] You can create multiple project aliases by running firebase use --add, 
[info] but for now we'll just set up a default project.
[info] 
[debug] [2023-01-20T19:57:24.506Z] >>> [apiv2][query] GET https://firebase.googleapis.com/v1beta1/projects pageSize=100
[debug] [2023-01-20T19:57:25.179Z] <<< [apiv2][status] GET https://firebase.googleapis.com/v1beta1/projects 200
[debug] [2023-01-20T19:57:25.179Z] <<< [apiv2][body] GET https://firebase.googleapis.com/v1beta1/projects [omitted]
[info] i  Using project quercus-poc (Quercus POC) 
[info] 
=== Hosting Setup
[info] 
[info] Your public directory is the folder (relative to your project directory) that
[info] will contain Hosting assets to be uploaded with firebase deploy. If you
[info] have a build process for your assets, use your build's output directory.
[info] 
[info] +  Wrote quercus-poc/404.html 
[debug] [2023-01-20T19:58:05.318Z] >>> [apiv2][query] GET https://www.gstatic.com/firebasejs/releases.json [none]
[debug] [2023-01-20T19:58:05.757Z] <<< [apiv2][status] GET https://www.gstatic.com/firebasejs/releases.json 200
[debug] [2023-01-20T19:58:05.758Z] <<< [apiv2][body] GET https://www.gstatic.com/firebasejs/releases.json {"current":{"version":"9.16.0","browserURL":"https://www.gstatic.com/firebasejs/9.16.0/firebase.js","packageURL":"https://www.gstatic.com/firebasejs/9.16.0/firebase.tgz"},"live":{"version":"9.16","browserURL":"https://www.gstatic.com/firebasejs/live/9.16/firebase.js","packageURL":"https://www.gstatic.com/firebasejs/live/9.16/firebase.tgz"},"components":{"analytics":"https://www.gstatic.com/firebasejs/9.16.0/firebase-analytics.js","app":"https://www.gstatic.com/firebasejs/9.16.0/firebase-app.js","app-check":"https://www.gstatic.com/firebasejs/9.16.0/firebase-app-check.js","auth":"https://www.gstatic.com/firebasejs/9.16.0/firebase-auth.js","auth/cordova":"https://www.gstatic.com/firebasejs/9.16.0/firebase-auth/cordova.js","auth/react-native":"https://www.gstatic.com/firebasejs/9.16.0/firebase-auth/react-native.js","functions":"https://www.gstatic.com/firebasejs/9.16.0/firebase-functions.js","firestore":"https://www.gstatic.com/firebasejs/9.16.0/firebase-firestore.js","firestore/lite":"https://www.gstatic.com/firebasejs/9.16.0/firebase-firestore/lite.js","installations":"https://www.gstatic.com/firebasejs/9.16.0/firebase-installations.js","storage":"https://www.gstatic.com/firebasejs/9.16.0/firebase-storage.js","performance":"https://www.gstatic.com/firebasejs/9.16.0/firebase-performance.js","remote-config":"https://www.gstatic.com/firebasejs/9.16.0/firebase-remote-config.js","messaging":"https://www.gstatic.com/firebasejs/9.16.0/firebase-messaging.js","messaging/sw":"https://www.gstatic.com/firebasejs/9.16.0/firebase-messaging/sw.js","database":"https://www.gstatic.com/firebasejs/9.16.0/firebase-database.js","firestore.memory":"https://www.gstatic.com/firebasejs/9.16.0/firebase-firestore.memory.js"}}
[info] +  Wrote quercus-poc/index.html 
[info] 
[info] i  Detected a .git folder at C:\private\Quercus\source-firebase 
[info] i  Authorizing with GitHub to upload your service account to a GitHub repository's secrets store. 
[info] 
[info] Visit this URL on this device to log in:
[info] https://github.com/login/oauth/authorize?client_id=89cf50f02ac6aaed3484&state=914671269&redirect_uri=http%3A%2F%2Flocalhost%3A9005&scope=read%3Auser%20repo%20public_repo
[info] 
[info] Waiting for authentication...
[debug] [2023-01-20T20:00:20.006Z] >>> [apiv2][query] POST https://github.com/login/oauth/access_token [none]
[debug] [2023-01-20T20:00:20.006Z] >>> [apiv2][body] POST https://github.com/login/oauth/access_token [stream]
[debug] [2023-01-20T20:00:20.445Z] <<< [apiv2][status] POST https://github.com/login/oauth/access_token 200
[debug] [2023-01-20T20:00:20.445Z] <<< [apiv2][body] POST https://github.com/login/oauth/access_token {"access_token":"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","token_type":"bearer","scope":"read:user,repo"}
[debug] [2023-01-20T20:00:20.451Z] >>> [apiv2][query] GET https://api.github.com/user [none]
[debug] [2023-01-20T20:00:20.854Z] <<< [apiv2][status] GET https://api.github.com/user 200
[debug] [2023-01-20T20:00:20.855Z] <<< [apiv2][body] GET https://api.github.com/user {"login":"d-b-96","id":44524435,"node_id":"MDQ6VXNlcjQ0NTI0NDM1","avatar_url":"https://avatars.githubusercontent.com/u/44524435?v=4","gravatar_id":"","url":"https://api.github.com/users/d-b-96","html_url":"https://github.com/d-b-96","followers_url":"https://api.github.com/users/d-b-96/followers","following_url":"https://api.github.com/users/d-b-96/following{/other_user}","gists_url":"https://api.github.com/users/d-b-96/gists{/gist_id}","starred_url":"https://api.github.com/users/d-b-96/starred{/owner}{/repo}","subscriptions_url":"https://api.github.com/users/d-b-96/subscriptions","organizations_url":"https://api.github.com/users/d-b-96/orgs","repos_url":"https://api.github.com/users/d-b-96/repos","events_url":"https://api.github.com/users/d-b-96/events{/privacy}","received_events_url":"https://api.github.com/users/d-b-96/received_events","type":"User","site_admin":false,"name":null,"company":null,"blog":"","location":null,"email":null,"hireable":null,"bio":null,"twitter_username":null,"public_repos":3,"public_gists":0,"followers":0,"following":0,"created_at":"2018-10-27T11:58:22Z","updated_at":"2023-01-20T19:59:50Z","private_gists":0,"total_private_repos":1,"owned_private_repos":1,"disk_usage":634,"collaborators":1,"two_factor_authentication":false,"plan":{"name":"free","space":976562499,"collaborators":0,"private_repos":10000}}
[info] 
[info] +  Success! Logged into GitHub as d-b-96 
[info] 
